--------------------------------------------------------------------------------
Release 14.7 Trace  (nt64)
Copyright (c) 1995-2013 Xilinx, Inc.  All rights reserved.

C:\Xilinx\14.7\ISE_DS\ISE\bin\nt64\unwrapped\trce.exe -intstyle ise -v 3 -s 3
-n 3 -fastpaths -xml main.twx main.ncd -o main.twr main.pcf

Design file:              main.ncd
Physical constraint file: main.pcf
Device,package,speed:     xc7a100t,csg324,C,-3 (PRODUCTION 1.10 2013-10-13)
Report level:             verbose report

Environment Variable      Effect 
--------------------      ------ 
NONE                      No environment variables were set
--------------------------------------------------------------------------------

INFO:Timing:2698 - No timing constraints found, doing default enumeration.
INFO:Timing:3412 - To improve timing, see the Timing Closure User Guide (UG612).
INFO:Timing:2752 - To get complete path coverage, use the unconstrained paths 
   option. All paths that are not constrained will be reported in the 
   unconstrained paths section(s) of the report.
INFO:Timing:3339 - The clock-to-out numbers in this timing report are based on 
   a 50 Ohm transmission line loading model.  For the details of this model, 
   and for more information on accounting for different loading conditions, 
   please see the device datasheet.



Data Sheet report:
-----------------
All values displayed in nanoseconds (ns)

Pad to Pad
---------------+---------------+---------+
Source Pad     |Destination Pad|  Delay  |
---------------+---------------+---------+
A<0>           |Result<0>      |    5.048|
A<0>           |Result<1>      |    5.505|
A<0>           |Result<2>      |    5.737|
A<0>           |Result<3>      |    5.977|
A<1>           |Result<1>      |    5.577|
A<1>           |Result<2>      |    5.811|
A<1>           |Result<3>      |    6.051|
A<2>           |Result<2>      |    5.426|
A<2>           |Result<3>      |    5.754|
A<3>           |Result<3>      |    5.413|
B<0>           |Result<0>      |    5.454|
B<0>           |Result<1>      |    5.383|
B<0>           |Result<2>      |    5.623|
B<0>           |Result<3>      |    5.863|
B<1>           |Result<1>      |    5.671|
B<1>           |Result<2>      |    5.915|
B<1>           |Result<3>      |    6.155|
B<2>           |Result<2>      |    5.225|
B<2>           |Result<3>      |    5.105|
B<3>           |Result<3>      |    5.316|
Op             |Result<1>      |    5.720|
Op             |Result<2>      |    5.968|
Op             |Result<3>      |    6.208|
---------------+---------------+---------+


Analysis completed Thu May 08 20:36:40 2025 
--------------------------------------------------------------------------------

Trace Settings:
-------------------------
Trace Settings 

Peak Memory Usage: 609 MB



