--------------------------------------------------------------------------------
Release 14.7 Trace  (nt64)
Copyright (c) 1995-2013 Xilinx, Inc.  All rights reserved.

C:\Xilinx\14.7\ISE_DS\ISE\bin\nt64\unwrapped\trce.exe -intstyle ise -v 3 -s 3
-n 3 -fastpaths -xml main.twx main.ncd -o main.twr main.pcf

Design file:              main.ncd
Physical constraint file: main.pcf
Device,package,speed:     xc7a100t,csg324,C,-3 (PRODUCTION 1.10 2013-10-13)
Report level:             verbose report

Environment Variable      Effect 
--------------------      ------ 
NONE                      No environment variables were set
--------------------------------------------------------------------------------

INFO:Timing:2698 - No timing constraints found, doing default enumeration.
INFO:Timing:3412 - To improve timing, see the Timing Closure User Guide (UG612).
INFO:Timing:2752 - To get complete path coverage, use the unconstrained paths 
   option. All paths that are not constrained will be reported in the 
   unconstrained paths section(s) of the report.
INFO:Timing:3339 - The clock-to-out numbers in this timing report are based on 
   a 50 Ohm transmission line loading model.  For the details of this model, 
   and for more information on accounting for different loading conditions, 
   please see the device datasheet.



Data Sheet report:
-----------------
All values displayed in nanoseconds (ns)

Pad to Pad
---------------+---------------+---------+
Source Pad     |Destination Pad|  Delay  |
---------------+---------------+---------+
A<0>           |P<0>           |    5.306|
A<0>           |P<1>           |    5.571|
A<0>           |P<2>           |    6.244|
A<0>           |P<3>           |    6.817|
A<0>           |P<4>           |    6.656|
A<0>           |P<5>           |    6.771|
A<0>           |P<6>           |    7.375|
A<1>           |P<1>           |    5.431|
A<1>           |P<2>           |    6.274|
A<1>           |P<3>           |    7.092|
A<1>           |P<4>           |    6.931|
A<1>           |P<5>           |    7.046|
A<1>           |P<6>           |    7.650|
A<2>           |P<2>           |    5.352|
A<2>           |P<3>           |    6.612|
A<2>           |P<4>           |    6.455|
A<2>           |P<5>           |    6.685|
A<2>           |P<6>           |    7.196|
A<3>           |P<3>           |    6.024|
A<3>           |P<4>           |    5.867|
A<3>           |P<5>           |    6.221|
A<3>           |P<6>           |    6.608|
B<0>           |P<0>           |    5.009|
B<0>           |P<1>           |    5.655|
B<0>           |P<2>           |    6.321|
B<0>           |P<3>           |    6.894|
B<0>           |P<4>           |    6.733|
B<0>           |P<5>           |    6.848|
B<0>           |P<6>           |    7.452|
B<1>           |P<1>           |    5.463|
B<1>           |P<2>           |    6.145|
B<1>           |P<3>           |    6.803|
B<1>           |P<4>           |    6.642|
B<1>           |P<5>           |    6.757|
B<1>           |P<6>           |    7.361|
B<2>           |P<2>           |    5.378|
B<2>           |P<3>           |    6.486|
B<2>           |P<4>           |    6.325|
B<2>           |P<5>           |    6.610|
B<2>           |P<6>           |    7.044|
---------------+---------------+---------+


Analysis completed Thu May 08 19:39:47 2025 
--------------------------------------------------------------------------------

Trace Settings:
-------------------------
Trace Settings 

Peak Memory Usage: 609 MB



